2012/12/04 14:55:37 [error] [php] include(AweActiveRecord.php): failed to open stream: No such file or directory (D:\phpserver\www\framework\YiiBase.php:423)
Stack trace:
#0 D:\phpserver\www\app\protected\extensions\AweCrud\generators\AweModel\AweModelCode.php(444): spl_autoload_call()
#1 D:\phpserver\www\app\protected\extensions\AweCrud\generators\AweModel\AweModelCode.php(391): AweModelCode->getRelationData()
#2 D:\phpserver\www\app\protected\extensions\AweCrud\generators\AweModel\AweModelCode.php(197): AweModelCode->getRelationsData()
#3 D:\phpserver\www\app\protected\extensions\AweCrud\generators\AweModel\AweModelCode.php(112): AweModelCode->generateLabelsEx()
#4 D:\phpserver\www\framework\gii\CCodeGenerator.php(163): AweModelCode->prepare()
#5 D:\phpserver\www\framework\gii\CCodeGenerator.php(64): AweModelGenerator->prepare()
#6 D:\phpserver\www\framework\web\actions\CInlineAction.php(50): AweModelGenerator->actionIndex()
#7 D:\phpserver\www\framework\web\CController.php(309): CInlineAction->runWithParams()
#8 D:\phpserver\www\framework\web\CController.php(287): AweModelGenerator->runAction()
#9 D:\phpserver\www\framework\web\CController.php(266): AweModelGenerator->runActionWithFilters()
#10 D:\phpserver\www\framework\web\CWebApplication.php(283): AweModelGenerator->run()
#11 D:\phpserver\www\framework\web\CWebApplication.php(142): CWebApplication->runController()
#12 D:\phpserver\www\framework\base\CApplication.php(162): CWebApplication->processRequest()
#13 D:\phpserver\www\app\index.php(13): CWebApplication->run()
REQUEST_URI=/app/index.php/gii/AweModel
in D:\phpserver\www\app\protected\extensions\AweCrud\generators\AweModel\AweModelCode.php (444)
in D:\phpserver\www\app\protected\extensions\AweCrud\generators\AweModel\AweModelCode.php (391)
in D:\phpserver\www\app\protected\extensions\AweCrud\generators\AweModel\AweModelCode.php (197)
2012/12/04 14:55:54 [error] [php] include(AweActiveRecord.php): failed to open stream: No such file or directory (D:\phpserver\www\framework\YiiBase.php:423)
Stack trace:
#0 D:\phpserver\www\app\protected\extensions\AweCrud\generators\AweModel\AweModelCode.php(444): spl_autoload_call()
#1 D:\phpserver\www\app\protected\extensions\AweCrud\generators\AweModel\AweModelCode.php(391): AweModelCode->getRelationData()
#2 D:\phpserver\www\app\protected\extensions\AweCrud\generators\AweModel\AweModelCode.php(197): AweModelCode->getRelationsData()
#3 D:\phpserver\www\app\protected\extensions\AweCrud\generators\AweModel\AweModelCode.php(112): AweModelCode->generateLabelsEx()
#4 D:\phpserver\www\framework\gii\CCodeGenerator.php(163): AweModelCode->prepare()
#5 D:\phpserver\www\framework\gii\CCodeGenerator.php(64): AweModelGenerator->prepare()
#6 D:\phpserver\www\framework\web\actions\CInlineAction.php(50): AweModelGenerator->actionIndex()
#7 D:\phpserver\www\framework\web\CController.php(309): CInlineAction->runWithParams()
#8 D:\phpserver\www\framework\web\CController.php(287): AweModelGenerator->runAction()
#9 D:\phpserver\www\framework\web\CController.php(266): AweModelGenerator->runActionWithFilters()
#10 D:\phpserver\www\framework\web\CWebApplication.php(283): AweModelGenerator->run()
#11 D:\phpserver\www\framework\web\CWebApplication.php(142): CWebApplication->runController()
#12 D:\phpserver\www\framework\base\CApplication.php(162): CWebApplication->processRequest()
#13 D:\phpserver\www\app\index.php(13): CWebApplication->run()
REQUEST_URI=/app/index.php/gii/AweModel
in D:\phpserver\www\app\protected\extensions\AweCrud\generators\AweModel\AweModelCode.php (444)
in D:\phpserver\www\app\protected\extensions\AweCrud\generators\AweModel\AweModelCode.php (391)
in D:\phpserver\www\app\protected\extensions\AweCrud\generators\AweModel\AweModelCode.php (197)
2012/12/04 14:57:51 [error] [php] include(AweActiveRecord.php): failed to open stream: No such file or directory (D:\phpserver\www\framework\YiiBase.php:423)
Stack trace:
#0 D:\phpserver\www\app\protected\extensions\AweCrud\generators\AweModel\AweModelCode.php(444): spl_autoload_call()
#1 D:\phpserver\www\app\protected\extensions\AweCrud\generators\AweModel\AweModelCode.php(391): AweModelCode->getRelationData()
#2 D:\phpserver\www\app\protected\extensions\AweCrud\generators\AweModel\AweModelCode.php(197): AweModelCode->getRelationsData()
#3 D:\phpserver\www\app\protected\extensions\AweCrud\generators\AweModel\AweModelCode.php(112): AweModelCode->generateLabelsEx()
#4 D:\phpserver\www\framework\gii\CCodeGenerator.php(163): AweModelCode->prepare()
#5 D:\phpserver\www\framework\gii\CCodeGenerator.php(64): AweModelGenerator->prepare()
#6 D:\phpserver\www\framework\web\actions\CInlineAction.php(50): AweModelGenerator->actionIndex()
#7 D:\phpserver\www\framework\web\CController.php(309): CInlineAction->runWithParams()
#8 D:\phpserver\www\framework\web\CController.php(287): AweModelGenerator->runAction()
#9 D:\phpserver\www\framework\web\CController.php(266): AweModelGenerator->runActionWithFilters()
#10 D:\phpserver\www\framework\web\CWebApplication.php(283): AweModelGenerator->run()
#11 D:\phpserver\www\framework\web\CWebApplication.php(142): CWebApplication->runController()
#12 D:\phpserver\www\framework\base\CApplication.php(162): CWebApplication->processRequest()
#13 D:\phpserver\www\app\index.php(13): CWebApplication->run()
REQUEST_URI=/app/index.php/gii/AweModel
in D:\phpserver\www\app\protected\extensions\AweCrud\generators\AweModel\AweModelCode.php (444)
in D:\phpserver\www\app\protected\extensions\AweCrud\generators\AweModel\AweModelCode.php (391)
in D:\phpserver\www\app\protected\extensions\AweCrud\generators\AweModel\AweModelCode.php (197)
2012/12/04 14:59:07 [warning] [application] Failed to set unsafe attribute "layout" of "AweCrudCode".
in D:\phpserver\www\app\index.php (13)
2012/12/04 14:59:07 [error] [php] Undefined variable: model (D:\phpserver\www\app\protected\extensions\AweCrud\generators\AweCrud\templates\default\_form.php:9)
Stack trace:
#0 D:\phpserver\www\framework\gii\CCodeGenerator.php(163): AweCrudCode->prepare()
#1 D:\phpserver\www\framework\gii\CCodeGenerator.php(64): AweCrudGenerator->prepare()
#2 D:\phpserver\www\framework\web\actions\CInlineAction.php(50): AweCrudGenerator->actionIndex()
#3 D:\phpserver\www\framework\web\CController.php(309): CInlineAction->runWithParams()
#4 D:\phpserver\www\framework\web\CController.php(287): AweCrudGenerator->runAction()
#5 D:\phpserver\www\framework\web\CController.php(266): AweCrudGenerator->runActionWithFilters()
#6 D:\phpserver\www\framework\web\CWebApplication.php(283): AweCrudGenerator->run()
#7 D:\phpserver\www\framework\web\CWebApplication.php(142): CWebApplication->runController()
#8 D:\phpserver\www\framework\base\CApplication.php(162): CWebApplication->processRequest()
#9 D:\phpserver\www\app\index.php(13): CWebApplication->run()
REQUEST_URI=/app/index.php/gii/AweCrud
in D:\phpserver\www\app\protected\extensions\AweCrud\generators\AweCrud\templates\default\_form.php (9)
in D:\phpserver\www\app\index.php (13)
2012/12/06 08:22:53 [error] [php] include(Awecms.php): failed to open stream: No such file or directory (D:\phpserver\www\framework\YiiBase.php:423)
Stack trace:
#0 D:\phpserver\www\app\protected\extensions\awegen\AweCrud\views\index.php(109): spl_autoload_call()
#1 D:\phpserver\www\framework\web\CBaseController.php(127): require()
#2 D:\phpserver\www\framework\web\CBaseController.php(96): AweCrudGenerator->renderInternal()
#3 D:\phpserver\www\framework\web\CController.php(870): AweCrudGenerator->renderFile()
#4 D:\phpserver\www\framework\web\CController.php(783): AweCrudGenerator->renderPartial()
#5 D:\phpserver\www\framework\gii\CCodeGenerator.php(73): AweCrudGenerator->render()
#6 D:\phpserver\www\framework\web\actions\CInlineAction.php(50): AweCrudGenerator->actionIndex()
#7 D:\phpserver\www\framework\web\CController.php(309): CInlineAction->runWithParams()
#8 D:\phpserver\www\framework\web\CController.php(287): AweCrudGenerator->runAction()
#9 D:\phpserver\www\framework\web\CController.php(266): AweCrudGenerator->runActionWithFilters()
#10 D:\phpserver\www\framework\web\CWebApplication.php(283): AweCrudGenerator->run()
#11 D:\phpserver\www\framework\web\CWebApplication.php(142): CWebApplication->runController()
#12 D:\phpserver\www\framework\base\CApplication.php(162): CWebApplication->processRequest()
#13 D:\phpserver\www\app\index.php(13): CWebApplication->run()
REQUEST_URI=/app/index.php/gii/AweCrud
in D:\phpserver\www\app\protected\extensions\awegen\AweCrud\views\index.php (109)
in D:\phpserver\www\app\index.php (13)
2012/12/06 08:25:32 [error] [php] include(Awecms.php): failed to open stream: No such file or directory (D:\phpserver\www\framework\YiiBase.php:423)
Stack trace:
#0 D:\phpserver\www\app\protected\extensions\awegen\AweCrud\views\index.php(108): spl_autoload_call()
#1 D:\phpserver\www\framework\web\CBaseController.php(127): require()
#2 D:\phpserver\www\framework\web\CBaseController.php(96): AweCrudGenerator->renderInternal()
#3 D:\phpserver\www\framework\web\CController.php(870): AweCrudGenerator->renderFile()
#4 D:\phpserver\www\framework\web\CController.php(783): AweCrudGenerator->renderPartial()
#5 D:\phpserver\www\framework\gii\CCodeGenerator.php(73): AweCrudGenerator->render()
#6 D:\phpserver\www\framework\web\actions\CInlineAction.php(50): AweCrudGenerator->actionIndex()
#7 D:\phpserver\www\framework\web\CController.php(309): CInlineAction->runWithParams()
#8 D:\phpserver\www\framework\web\CController.php(287): AweCrudGenerator->runAction()
#9 D:\phpserver\www\framework\web\CController.php(266): AweCrudGenerator->runActionWithFilters()
#10 D:\phpserver\www\framework\web\CWebApplication.php(283): AweCrudGenerator->run()
#11 D:\phpserver\www\framework\web\CWebApplication.php(142): CWebApplication->runController()
#12 D:\phpserver\www\framework\base\CApplication.php(162): CWebApplication->processRequest()
#13 D:\phpserver\www\app\index.php(13): CWebApplication->run()
REQUEST_URI=/app/index.php/gii/AweCrud
in D:\phpserver\www\app\protected\extensions\awegen\AweCrud\views\index.php (108)
in D:\phpserver\www\app\index.php (13)
2012/12/06 08:27:10 [error] [php] include(City.php): failed to open stream: No such file or directory (D:\phpserver\www\framework\YiiBase.php:423)
Stack trace:
#0 D:\phpserver\www\framework\db\ar\CActiveRecord.php(387): spl_autoload_call()
#1 D:\phpserver\www\app\protected\extensions\awegen\AweCrud\AweCrudCode.php(159): model()
#2 D:\phpserver\www\app\protected\extensions\awegen\AweCrud\templates\default\_form.php(31): AweCrudCode->generateField()
#3 D:\phpserver\www\framework\gii\CCodeModel.php(320): require()
#4 D:\phpserver\www\framework\gii\generators\crud\CrudCode.php(97): AweCrudCode->render()
#5 D:\phpserver\www\framework\gii\CCodeGenerator.php(163): AweCrudCode->prepare()
#6 D:\phpserver\www\framework\gii\CCodeGenerator.php(64): AweCrudGenerator->prepare()
#7 D:\phpserver\www\framework\web\actions\CInlineAction.php(50): AweCrudGenerator->actionIndex()
#8 D:\phpserver\www\framework\web\CController.php(309): CInlineAction->runWithParams()
#9 D:\phpserver\www\framework\web\CController.php(287): AweCrudGenerator->runAction()
#10 D:\phpserver\www\framework\web\CController.php(266): AweCrudGenerator->runActionWithFilters()
#11 D:\phpserver\www\framework\web\CWebApplication.php(283): AweCrudGenerator->run()
#12 D:\phpserver\www\framework\web\CWebApplication.php(142): CWebApplication->runController()
#13 D:\phpserver\www\framework\base\CApplication.php(162): CWebApplication->processRequest()
#14 D:\phpserver\www\app\index.php(13): CWebApplication->run()
REQUEST_URI=/app/index.php/gii/AweCrud
in D:\phpserver\www\app\protected\extensions\awegen\AweCrud\AweCrudCode.php (159)
in D:\phpserver\www\app\protected\extensions\awegen\AweCrud\templates\default\_form.php (31)
in D:\phpserver\www\app\index.php (13)
2012/12/06 09:41:49 [error] [php] include(City.php): failed to open stream: No such file or directory (D:\phpserver\www\framework\YiiBase.php:423)
Stack trace:
#0 D:\phpserver\www\framework\db\ar\CActiveRecord.php(387): spl_autoload_call()
#1 D:\phpserver\www\app\protected\extensions\awegen\AweCrud\AweCrudCode.php(159): model()
#2 D:\phpserver\www\app\protected\extensions\awegen\AweCrud\templates\default\_form.php(31): AweCrudCode->generateField()
#3 D:\phpserver\www\framework\gii\CCodeModel.php(320): require()
#4 D:\phpserver\www\framework\gii\generators\crud\CrudCode.php(97): AweCrudCode->render()
#5 D:\phpserver\www\framework\gii\CCodeGenerator.php(163): AweCrudCode->prepare()
#6 D:\phpserver\www\framework\gii\CCodeGenerator.php(64): AweCrudGenerator->prepare()
#7 D:\phpserver\www\framework\web\actions\CInlineAction.php(50): AweCrudGenerator->actionIndex()
#8 D:\phpserver\www\framework\web\CController.php(309): CInlineAction->runWithParams()
#9 D:\phpserver\www\framework\web\CController.php(287): AweCrudGenerator->runAction()
#10 D:\phpserver\www\framework\web\CController.php(266): AweCrudGenerator->runActionWithFilters()
#11 D:\phpserver\www\framework\web\CWebApplication.php(283): AweCrudGenerator->run()
#12 D:\phpserver\www\framework\web\CWebApplication.php(142): CWebApplication->runController()
#13 D:\phpserver\www\framework\base\CApplication.php(162): CWebApplication->processRequest()
#14 D:\phpserver\www\app\index.php(13): CWebApplication->run()
REQUEST_URI=/app/index.php/gii/AweCrud
in D:\phpserver\www\app\protected\extensions\awegen\AweCrud\AweCrudCode.php (159)
in D:\phpserver\www\app\protected\extensions\awegen\AweCrud\templates\default\_form.php (31)
in D:\phpserver\www\app\index.php (13)
2012/12/06 09:42:17 [error] [php] include(State.php): failed to open stream: No such file or directory (D:\phpserver\www\framework\YiiBase.php:423)
Stack trace:
#0 D:\phpserver\www\framework\db\ar\CActiveRecord.php(387): spl_autoload_call()
#1 D:\phpserver\www\app\protected\extensions\awegen\AweCrud\AweCrudCode.php(159): model()
#2 D:\phpserver\www\app\protected\extensions\awegen\AweCrud\templates\default\_form.php(31): AweCrudCode->generateField()
#3 D:\phpserver\www\framework\gii\CCodeModel.php(320): require()
#4 D:\phpserver\www\framework\gii\generators\crud\CrudCode.php(97): AweCrudCode->render()
#5 D:\phpserver\www\framework\gii\CCodeGenerator.php(163): AweCrudCode->prepare()
#6 D:\phpserver\www\framework\gii\CCodeGenerator.php(64): AweCrudGenerator->prepare()
#7 D:\phpserver\www\framework\web\actions\CInlineAction.php(50): AweCrudGenerator->actionIndex()
#8 D:\phpserver\www\framework\web\CController.php(309): CInlineAction->runWithParams()
#9 D:\phpserver\www\framework\web\CController.php(287): AweCrudGenerator->runAction()
#10 D:\phpserver\www\framework\web\CController.php(266): AweCrudGenerator->runActionWithFilters()
#11 D:\phpserver\www\framework\web\CWebApplication.php(283): AweCrudGenerator->run()
#12 D:\phpserver\www\framework\web\CWebApplication.php(142): CWebApplication->runController()
#13 D:\phpserver\www\framework\base\CApplication.php(162): CWebApplication->processRequest()
#14 D:\phpserver\www\app\index.php(13): CWebApplication->run()
REQUEST_URI=/app/index.php/gii/AweCrud
in D:\phpserver\www\app\protected\extensions\awegen\AweCrud\AweCrudCode.php (159)
in D:\phpserver\www\app\protected\extensions\awegen\AweCrud\templates\default\_form.php (31)
in D:\phpserver\www\app\index.php (13)
2012/12/06 09:42:54 [error] [php] include(TransactionTypes.php): failed to open stream: No such file or directory (D:\phpserver\www\framework\YiiBase.php:423)
Stack trace:
#0 D:\phpserver\www\framework\db\ar\CActiveRecord.php(387): spl_autoload_call()
#1 D:\phpserver\www\app\protected\extensions\awegen\AweCrud\AweCrudCode.php(159): model()
#2 D:\phpserver\www\app\protected\extensions\awegen\AweCrud\templates\default\_form.php(31): AweCrudCode->generateField()
#3 D:\phpserver\www\framework\gii\CCodeModel.php(320): require()
#4 D:\phpserver\www\framework\gii\generators\crud\CrudCode.php(97): AweCrudCode->render()
#5 D:\phpserver\www\framework\gii\CCodeGenerator.php(163): AweCrudCode->prepare()
#6 D:\phpserver\www\framework\gii\CCodeGenerator.php(64): AweCrudGenerator->prepare()
#7 D:\phpserver\www\framework\web\actions\CInlineAction.php(50): AweCrudGenerator->actionIndex()
#8 D:\phpserver\www\framework\web\CController.php(309): CInlineAction->runWithParams()
#9 D:\phpserver\www\framework\web\CController.php(287): AweCrudGenerator->runAction()
#10 D:\phpserver\www\framework\web\CController.php(266): AweCrudGenerator->runActionWithFilters()
#11 D:\phpserver\www\framework\web\CWebApplication.php(283): AweCrudGenerator->run()
#12 D:\phpserver\www\framework\web\CWebApplication.php(142): CWebApplication->runController()
#13 D:\phpserver\www\framework\base\CApplication.php(162): CWebApplication->processRequest()
#14 D:\phpserver\www\app\index.php(13): CWebApplication->run()
REQUEST_URI=/app/index.php/gii/AweCrud
in D:\phpserver\www\app\protected\extensions\awegen\AweCrud\AweCrudCode.php (159)
in D:\phpserver\www\app\protected\extensions\awegen\AweCrud\templates\default\_form.php (31)
in D:\phpserver\www\app\index.php (13)
2012/12/06 09:43:10 [error] [php] include(Account.php): failed to open stream: No such file or directory (D:\phpserver\www\framework\YiiBase.php:423)
Stack trace:
#0 D:\phpserver\www\framework\db\ar\CActiveRecord.php(387): spl_autoload_call()
#1 D:\phpserver\www\app\protected\extensions\awegen\AweCrud\AweCrudCode.php(159): model()
#2 D:\phpserver\www\app\protected\extensions\awegen\AweCrud\templates\default\_form.php(31): AweCrudCode->generateField()
#3 D:\phpserver\www\framework\gii\CCodeModel.php(320): require()
#4 D:\phpserver\www\framework\gii\generators\crud\CrudCode.php(97): AweCrudCode->render()
#5 D:\phpserver\www\framework\gii\CCodeGenerator.php(163): AweCrudCode->prepare()
#6 D:\phpserver\www\framework\gii\CCodeGenerator.php(64): AweCrudGenerator->prepare()
#7 D:\phpserver\www\framework\web\actions\CInlineAction.php(50): AweCrudGenerator->actionIndex()
#8 D:\phpserver\www\framework\web\CController.php(309): CInlineAction->runWithParams()
#9 D:\phpserver\www\framework\web\CController.php(287): AweCrudGenerator->runAction()
#10 D:\phpserver\www\framework\web\CController.php(266): AweCrudGenerator->runActionWithFilters()
#11 D:\phpserver\www\framework\web\CWebApplication.php(283): AweCrudGenerator->run()
#12 D:\phpserver\www\framework\web\CWebApplication.php(142): CWebApplication->runController()
#13 D:\phpserver\www\framework\base\CApplication.php(162): CWebApplication->processRequest()
#14 D:\phpserver\www\app\index.php(13): CWebApplication->run()
REQUEST_URI=/app/index.php/gii/AweCrud
in D:\phpserver\www\app\protected\extensions\awegen\AweCrud\AweCrudCode.php (159)
in D:\phpserver\www\app\protected\extensions\awegen\AweCrud\templates\default\_form.php (31)
in D:\phpserver\www\app\index.php (13)
2012/12/06 09:43:21 [error] [php] include(ForwardingCompany.php): failed to open stream: No such file or directory (D:\phpserver\www\framework\YiiBase.php:423)
Stack trace:
#0 D:\phpserver\www\framework\db\ar\CActiveRecord.php(387): spl_autoload_call()
#1 D:\phpserver\www\app\protected\extensions\awegen\AweCrud\AweCrudCode.php(159): model()
#2 D:\phpserver\www\app\protected\extensions\awegen\AweCrud\templates\default\_form.php(31): AweCrudCode->generateField()
#3 D:\phpserver\www\framework\gii\CCodeModel.php(320): require()
#4 D:\phpserver\www\framework\gii\generators\crud\CrudCode.php(97): AweCrudCode->render()
#5 D:\phpserver\www\framework\gii\CCodeGenerator.php(163): AweCrudCode->prepare()
#6 D:\phpserver\www\framework\gii\CCodeGenerator.php(64): AweCrudGenerator->prepare()
#7 D:\phpserver\www\framework\web\actions\CInlineAction.php(50): AweCrudGenerator->actionIndex()
#8 D:\phpserver\www\framework\web\CController.php(309): CInlineAction->runWithParams()
#9 D:\phpserver\www\framework\web\CController.php(287): AweCrudGenerator->runAction()
#10 D:\phpserver\www\framework\web\CController.php(266): AweCrudGenerator->runActionWithFilters()
#11 D:\phpserver\www\framework\web\CWebApplication.php(283): AweCrudGenerator->run()
#12 D:\phpserver\www\framework\web\CWebApplication.php(142): CWebApplication->runController()
#13 D:\phpserver\www\framework\base\CApplication.php(162): CWebApplication->processRequest()
#14 D:\phpserver\www\app\index.php(13): CWebApplication->run()
REQUEST_URI=/app/index.php/gii/AweCrud
in D:\phpserver\www\app\protected\extensions\awegen\AweCrud\AweCrudCode.php (159)
in D:\phpserver\www\app\protected\extensions\awegen\AweCrud\templates\default\_form.php (31)
in D:\phpserver\www\app\index.php (13)
2012/12/06 09:43:34 [error] [php] include(PaymentType.php): failed to open stream: No such file or directory (D:\phpserver\www\framework\YiiBase.php:423)
Stack trace:
#0 D:\phpserver\www\framework\db\ar\CActiveRecord.php(387): spl_autoload_call()
#1 D:\phpserver\www\app\protected\extensions\awegen\AweCrud\AweCrudCode.php(159): model()
#2 D:\phpserver\www\app\protected\extensions\awegen\AweCrud\templates\default\_form.php(31): AweCrudCode->generateField()
#3 D:\phpserver\www\framework\gii\CCodeModel.php(320): require()
#4 D:\phpserver\www\framework\gii\generators\crud\CrudCode.php(97): AweCrudCode->render()
#5 D:\phpserver\www\framework\gii\CCodeGenerator.php(163): AweCrudCode->prepare()
#6 D:\phpserver\www\framework\gii\CCodeGenerator.php(64): AweCrudGenerator->prepare()
#7 D:\phpserver\www\framework\web\actions\CInlineAction.php(50): AweCrudGenerator->actionIndex()
#8 D:\phpserver\www\framework\web\CController.php(309): CInlineAction->runWithParams()
#9 D:\phpserver\www\framework\web\CController.php(287): AweCrudGenerator->runAction()
#10 D:\phpserver\www\framework\web\CController.php(266): AweCrudGenerator->runActionWithFilters()
#11 D:\phpserver\www\framework\web\CWebApplication.php(283): AweCrudGenerator->run()
#12 D:\phpserver\www\framework\web\CWebApplication.php(142): CWebApplication->runController()
#13 D:\phpserver\www\framework\base\CApplication.php(162): CWebApplication->processRequest()
#14 D:\phpserver\www\app\index.php(13): CWebApplication->run()
REQUEST_URI=/app/index.php/gii/AweCrud
in D:\phpserver\www\app\protected\extensions\awegen\AweCrud\AweCrudCode.php (159)
in D:\phpserver\www\app\protected\extensions\awegen\AweCrud\templates\default\_form.php (31)
in D:\phpserver\www\app\index.php (13)
2012/12/06 09:43:48 [error] [php] include(Users.php): failed to open stream: No such file or directory (D:\phpserver\www\framework\YiiBase.php:423)
Stack trace:
#0 D:\phpserver\www\framework\db\ar\CActiveRecord.php(387): spl_autoload_call()
#1 D:\phpserver\www\app\protected\extensions\awegen\AweCrud\AweCrudCode.php(159): model()
#2 D:\phpserver\www\app\protected\extensions\awegen\AweCrud\templates\default\_form.php(31): AweCrudCode->generateField()
#3 D:\phpserver\www\framework\gii\CCodeModel.php(320): require()
#4 D:\phpserver\www\framework\gii\generators\crud\CrudCode.php(97): AweCrudCode->render()
#5 D:\phpserver\www\framework\gii\CCodeGenerator.php(163): AweCrudCode->prepare()
#6 D:\phpserver\www\framework\gii\CCodeGenerator.php(64): AweCrudGenerator->prepare()
#7 D:\phpserver\www\framework\web\actions\CInlineAction.php(50): AweCrudGenerator->actionIndex()
#8 D:\phpserver\www\framework\web\CController.php(309): CInlineAction->runWithParams()
#9 D:\phpserver\www\framework\web\CController.php(287): AweCrudGenerator->runAction()
#10 D:\phpserver\www\framework\web\CController.php(266): AweCrudGenerator->runActionWithFilters()
#11 D:\phpserver\www\framework\web\CWebApplication.php(283): AweCrudGenerator->run()
#12 D:\phpserver\www\framework\web\CWebApplication.php(142): CWebApplication->runController()
#13 D:\phpserver\www\framework\base\CApplication.php(162): CWebApplication->processRequest()
#14 D:\phpserver\www\app\index.php(13): CWebApplication->run()
REQUEST_URI=/app/index.php/gii/AweCrud
in D:\phpserver\www\app\protected\extensions\awegen\AweCrud\AweCrudCode.php (159)
in D:\phpserver\www\app\protected\extensions\awegen\AweCrud\templates\default\_form.php (31)
in D:\phpserver\www\app\index.php (13)
2012/12/06 09:44:01 [error] [php] include(ForwardingStatus.php): failed to open stream: No such file or directory (D:\phpserver\www\framework\YiiBase.php:423)
Stack trace:
#0 D:\phpserver\www\app\protected\extensions\awegen\AweCrud\AweCrudCode.php(328): spl_autoload_call()
#1 D:\phpserver\www\app\protected\extensions\awegen\AweCrud\templates\default\view.php(57): AweCrudCode->resolveController()
#2 D:\phpserver\www\framework\gii\CCodeModel.php(320): require()
#3 D:\phpserver\www\framework\gii\generators\crud\CrudCode.php(97): AweCrudCode->render()
#4 D:\phpserver\www\framework\gii\CCodeGenerator.php(163): AweCrudCode->prepare()
#5 D:\phpserver\www\framework\gii\CCodeGenerator.php(64): AweCrudGenerator->prepare()
#6 D:\phpserver\www\framework\web\actions\CInlineAction.php(50): AweCrudGenerator->actionIndex()
#7 D:\phpserver\www\framework\web\CController.php(309): CInlineAction->runWithParams()
#8 D:\phpserver\www\framework\web\CController.php(287): AweCrudGenerator->runAction()
#9 D:\phpserver\www\framework\web\CController.php(266): AweCrudGenerator->runActionWithFilters()
#10 D:\phpserver\www\framework\web\CWebApplication.php(283): AweCrudGenerator->run()
#11 D:\phpserver\www\framework\web\CWebApplication.php(142): CWebApplication->runController()
#12 D:\phpserver\www\framework\base\CApplication.php(162): CWebApplication->processRequest()
#13 D:\phpserver\www\app\index.php(13): CWebApplication->run()
REQUEST_URI=/app/index.php/gii/AweCrud
in D:\phpserver\www\app\protected\extensions\awegen\AweCrud\AweCrudCode.php (328)
in D:\phpserver\www\app\protected\extensions\awegen\AweCrud\templates\default\view.php (57)
in D:\phpserver\www\app\index.php (13)
2012/12/06 12:14:37 [error] [php] include(AweController.php): failed to open stream: No such file or directory (D:\phpserver\www\framework\YiiBase.php:423)
Stack trace:
#0 D:\phpserver\www\app\protected\controllers\AwbController.php(2): spl_autoload_call()
#1 D:\phpserver\www\framework\web\CWebApplication.php(355): require()
#2 D:\phpserver\www\framework\web\CWebApplication.php(277): CWebApplication->createController()
#3 D:\phpserver\www\framework\web\CWebApplication.php(142): CWebApplication->runController()
#4 D:\phpserver\www\framework\base\CApplication.php(162): CWebApplication->processRequest()
#5 D:\phpserver\www\app\index.php(13): CWebApplication->run()
REQUEST_URI=/app/index.php/awb
in D:\phpserver\www\app\protected\controllers\AwbController.php (2)
in D:\phpserver\www\app\index.php (13)
2012/12/06 12:16:55 [error] [exception.CException] exception 'CException' with message 'Property "AwbController.breadcrumbs" is not defined.' in D:\phpserver\www\framework\base\CComponent.php:174
Stack trace:
#0 D:\phpserver\www\app\protected\views\awb\index.php(2): CComponent->__set('breadcrumbs', Array)
#1 D:\phpserver\www\framework\web\CBaseController.php(127): require('D:\phpserver\ww...')
#2 D:\phpserver\www\framework\web\CBaseController.php(96): CBaseController->renderInternal('D:\phpserver\ww...', Array, true)
#3 D:\phpserver\www\framework\web\CController.php(870): CBaseController->renderFile('D:\phpserver\ww...', Array, true)
#4 D:\phpserver\www\framework\web\CController.php(783): CController->renderPartial('index', Array, true)
#5 D:\phpserver\www\app\protected\controllers\AwbController.php(9): CController->render('index', Array)
#6 D:\phpserver\www\framework\web\actions\CInlineAction.php(50): AwbController->actionIndex()
#7 D:\phpserver\www\framework\web\CController.php(309): CInlineAction->runWithParams(Array)
#8 D:\phpserver\www\framework\web\CController.php(287): CController->runAction(Object(CInlineAction))
#9 D:\phpserver\www\framework\web\CController.php(266): CController->runActionWithFilters(Object(CInlineAction), Array)
#10 D:\phpserver\www\framework\web\CWebApplication.php(283): CController->run('')
#11 D:\phpserver\www\framework\web\CWebApplication.php(142): CWebApplication->runController('awb')
#12 D:\phpserver\www\framework\base\CApplication.php(162): CWebApplication->processRequest()
#13 D:\phpserver\www\app\index.php(13): CApplication->run()
#14 {main}
REQUEST_URI=/app/index.php/awb
---
2012/12/06 12:18:31 [error] [php] include(AweController.php): failed to open stream: No such file or directory (D:\phpserver\www\framework\YiiBase.php:423)
Stack trace:
#0 D:\phpserver\www\app\protected\controllers\AwbController.php(2): spl_autoload_call()
#1 D:\phpserver\www\framework\web\CWebApplication.php(355): require()
#2 D:\phpserver\www\framework\web\CWebApplication.php(277): CWebApplication->createController()
#3 D:\phpserver\www\framework\web\CWebApplication.php(142): CWebApplication->runController()
#4 D:\phpserver\www\framework\base\CApplication.php(162): CWebApplication->processRequest()
#5 D:\phpserver\www\app\index.php(13): CWebApplication->run()
REQUEST_URI=/app/index.php/awb/index
in D:\phpserver\www\app\protected\controllers\AwbController.php (2)
in D:\phpserver\www\app\index.php (13)
2012/12/06 14:24:42 [error] [exception.CHttpException.400] exception 'CHttpException' with message 'Your request is invalid.' in D:\phpserver\www\framework\web\CController.php:337
Stack trace:
#0 D:\phpserver\www\framework\web\CController.php(310): CController->invalidActionParams(Object(CInlineAction))
#1 D:\phpserver\www\framework\web\CController.php(287): CController->runAction(Object(CInlineAction))
#2 D:\phpserver\www\framework\web\CController.php(266): CController->runActionWithFilters(Object(CInlineAction), Array)
#3 D:\phpserver\www\framework\web\CWebApplication.php(283): CController->run('view')
#4 D:\phpserver\www\framework\web\CWebApplication.php(142): CWebApplication->runController('awb/view')
#5 D:\phpserver\www\framework\base\CApplication.php(162): CWebApplication->processRequest()
#6 D:\phpserver\www\app\index.php(13): CApplication->run()
#7 {main}
REQUEST_URI=/app/index.php/awb/view
---
2012/12/06 14:24:48 [error] [exception.CHttpException.404] exception 'CHttpException' with message 'The requested page does not exist.' in D:\phpserver\www\app\protected\controllers\AwbController.php:141
Stack trace:
#0 D:\phpserver\www\app\protected\controllers\AwbController.php(14): AwbController->loadModel('1')
#1 [internal function]: AwbController->actionView('1')
#2 D:\phpserver\www\framework\web\actions\CAction.php(107): ReflectionMethod->invokeArgs(Object(AwbController), Array)
#3 D:\phpserver\www\framework\web\actions\CInlineAction.php(48): CAction->runWithParamsInternal(Object(AwbController), Object(ReflectionMethod), Array)
#4 D:\phpserver\www\framework\web\CController.php(309): CInlineAction->runWithParams(Array)
#5 D:\phpserver\www\framework\web\CController.php(287): CController->runAction(Object(CInlineAction))
#6 D:\phpserver\www\framework\web\CController.php(266): CController->runActionWithFilters(Object(CInlineAction), Array)
#7 D:\phpserver\www\framework\web\CWebApplication.php(283): CController->run('view')
#8 D:\phpserver\www\framework\web\CWebApplication.php(142): CWebApplication->runController('awb/view')
#9 D:\phpserver\www\framework\base\CApplication.php(162): CWebApplication->processRequest()
#10 D:\phpserver\www\app\index.php(13): CApplication->run()
#11 {main}
REQUEST_URI=/app/index.php/awb/1
---
2012/12/06 14:25:00 [error] [exception.CHttpException.404] exception 'CHttpException' with message 'The requested page does not exist.' in D:\phpserver\www\app\protected\controllers\AwbController.php:141
Stack trace:
#0 D:\phpserver\www\app\protected\controllers\AwbController.php(14): AwbController->loadModel('1')
#1 [internal function]: AwbController->actionView('1')
#2 D:\phpserver\www\framework\web\actions\CAction.php(107): ReflectionMethod->invokeArgs(Object(AwbController), Array)
#3 D:\phpserver\www\framework\web\actions\CInlineAction.php(48): CAction->runWithParamsInternal(Object(AwbController), Object(ReflectionMethod), Array)
#4 D:\phpserver\www\framework\web\CController.php(309): CInlineAction->runWithParams(Array)
#5 D:\phpserver\www\framework\web\CController.php(287): CController->runAction(Object(CInlineAction))
#6 D:\phpserver\www\framework\web\CController.php(266): CController->runActionWithFilters(Object(CInlineAction), Array)
#7 D:\phpserver\www\framework\web\CWebApplication.php(283): CController->run('view')
#8 D:\phpserver\www\framework\web\CWebApplication.php(142): CWebApplication->runController('awb/view')
#9 D:\phpserver\www\framework\base\CApplication.php(162): CWebApplication->processRequest()
#10 D:\phpserver\www\app\index.php(13): CApplication->run()
#11 {main}
REQUEST_URI=/app/index.php/awb/1
---
2012/12/06 14:25:01 [error] [exception.CHttpException.400] exception 'CHttpException' with message 'Your request is invalid.' in D:\phpserver\www\framework\web\CController.php:337
Stack trace:
#0 D:\phpserver\www\framework\web\CController.php(310): CController->invalidActionParams(Object(CInlineAction))
#1 D:\phpserver\www\framework\web\CController.php(287): CController->runAction(Object(CInlineAction))
#2 D:\phpserver\www\framework\web\CController.php(266): CController->runActionWithFilters(Object(CInlineAction), Array)
#3 D:\phpserver\www\framework\web\CWebApplication.php(283): CController->run('view')
#4 D:\phpserver\www\framework\web\CWebApplication.php(142): CWebApplication->runController('awb/view')
#5 D:\phpserver\www\framework\base\CApplication.php(162): CWebApplication->processRequest()
#6 D:\phpserver\www\app\index.php(13): CApplication->run()
#7 {main}
REQUEST_URI=/app/index.php/awb/view
---
